<?xml version="1.0" encoding="UTF-8"?>
<!-- Generated by org.testng.reporters.JUnitReportReporter -->
<testsuite hostname="DESKTOP-AUJA8S8" failures="0" tests="1" name="tests.CheckoutTest" time="20.557" errors="0" timestamp="2024-08-20T01:13:18 EEST" skipped="0">
  <testcase classname="tests.CheckoutTest" name="testProceedToCheckout" time="20.557"/>
</testsuite> <!-- tests.CheckoutTest -->
